Determining if the pthread_create exist failed with the following output:
Change Dir: /home/wade/catkin_ws/src/restart/cmake-build-debug/CMakeFiles/CMakeTmp

Run Build Command:"/usr/bin/make" "cmTC_c501b/fast"
/usr/bin/make -f CMakeFiles/cmTC_c501b.dir/build.make CMakeFiles/cmTC_c501b.dir/build
make[1]: Entering directory '/home/wade/catkin_ws/src/restart/cmake-build-debug/CMakeFiles/CMakeTmp'
Building C object CMakeFiles/cmTC_c501b.dir/CheckSymbolExists.c.o
/usr/bin/cc    -o CMakeFiles/cmTC_c501b.dir/CheckSymbolExists.c.o   -c /home/wade/catkin_ws/src/restart/cmake-build-debug/CMakeFiles/CMakeTmp/CheckSymbolExists.c
Linking C executable cmTC_c501b
/home/wade/clion-2018.2.5/bin/cmake/linux/bin/cmake -E cmake_link_script CMakeFiles/cmTC_c501b.dir/link.txt --verbose=1
/usr/bin/cc      -rdynamic CMakeFiles/cmTC_c501b.dir/CheckSymbolExists.c.o  -o cmTC_c501b 
CMakeFiles/cmTC_c501b.dir/CheckSymbolExists.c.o: In function `main':
CheckSymbolExists.c:(.text+0x16): undefined reference to `pthread_create'
collect2: error: ld returned 1 exit status
CMakeFiles/cmTC_c501b.dir/build.make:86: recipe for target 'cmTC_c501b' failed
make[1]: *** [cmTC_c501b] Error 1
make[1]: Leaving directory '/home/wade/catkin_ws/src/restart/cmake-build-debug/CMakeFiles/CMakeTmp'
Makefile:121: recipe for target 'cmTC_c501b/fast' failed
make: *** [cmTC_c501b/fast] Error 2

File /home/wade/catkin_ws/src/restart/cmake-build-debug/CMakeFiles/CMakeTmp/CheckSymbolExists.c:
/* */
#include <pthread.h>

int main(int argc, char** argv)
{
  (void)argv;
#ifndef pthread_create
  return ((int*)(&pthread_create))[argc];
#else
  (void)argc;
  return 0;
#endif
}

Determining if the function pthread_create exists in the pthreads failed with the following output:
Change Dir: /home/wade/catkin_ws/src/restart/cmake-build-debug/CMakeFiles/CMakeTmp

Run Build Command:"/usr/bin/make" "cmTC_d32ac/fast"
/usr/bin/make -f CMakeFiles/cmTC_d32ac.dir/build.make CMakeFiles/cmTC_d32ac.dir/build
make[1]: Entering directory '/home/wade/catkin_ws/src/restart/cmake-build-debug/CMakeFiles/CMakeTmp'
Building C object CMakeFiles/cmTC_d32ac.dir/CheckFunctionExists.c.o
/usr/bin/cc   -DCHECK_FUNCTION_EXISTS=pthread_create   -o CMakeFiles/cmTC_d32ac.dir/CheckFunctionExists.c.o   -c /home/wade/clion-2018.2.5/bin/cmake/linux/share/cmake-3.12/Modules/CheckFunctionExists.c
Linking C executable cmTC_d32ac
/home/wade/clion-2018.2.5/bin/cmake/linux/bin/cmake -E cmake_link_script CMakeFiles/cmTC_d32ac.dir/link.txt --verbose=1
/usr/bin/cc  -DCHECK_FUNCTION_EXISTS=pthread_create    -rdynamic CMakeFiles/cmTC_d32ac.dir/CheckFunctionExists.c.o  -o cmTC_d32ac -lpthreads 
/usr/bin/ld: cannot find -lpthreads
collect2: error: ld returned 1 exit status
CMakeFiles/cmTC_d32ac.dir/build.make:86: recipe for target 'cmTC_d32ac' failed
make[1]: *** [cmTC_d32ac] Error 1
make[1]: Leaving directory '/home/wade/catkin_ws/src/restart/cmake-build-debug/CMakeFiles/CMakeTmp'
Makefile:121: recipe for target 'cmTC_d32ac/fast' failed
make: *** [cmTC_d32ac/fast] Error 2


